2024-09-30 20:28:28,005 [     41]   INFO - #o.j.j.c.BuildMain - ==================================================
2024-09-30 20:28:28,102 [    138]   INFO - #o.j.j.c.BuildMain - Build process started. Classpath: /opt/idea/plugins/java/lib/jps-launcher.jar
2024-09-30 20:28:28,721 [    757]   INFO - #o.j.j.c.BuildMain - Connection to IDE established in 559 ms
2024-09-30 20:28:29,101 [   1137]   INFO - #o.j.j.c.JpsModelLoaderImpl - Loading model: project path = /data/project, global options path = /root/.config/idea/options
2024-09-30 20:28:29,748 [   1784]   INFO - #o.j.j.m.s.JpsProjectLoader - External project config dir is used: /data/cache/idea/242/projects/project.15375f63/external_build_system/project
2024-09-30 20:28:29,766 [   1802]   INFO - #o.j.j.m.s.JpsProjectLoader - External project config dir is used for modules: /data/cache/idea/242/projects/project.15375f63/external_build_system/modules
2024-09-30 20:28:29,843 [   1879]   INFO - #o.j.j.c.JpsModelLoaderImpl - Model loaded in 741 ms
2024-09-30 20:28:29,854 [   1890]   INFO - #o.j.j.c.JpsModelLoaderImpl - Project has 1 modules, 0 libraries
2024-09-30 20:28:30,159 [   2195]   INFO - #c.i.u.i.PageCacheUtils - File page caching params:
2024-09-30 20:28:30,160 [   2196]   INFO - #c.i.u.i.PageCacheUtils - 	DEFAULT_PAGE_SIZE: 10485760
2024-09-30 20:28:30,162 [   2198]   INFO - #c.i.u.i.PageCacheUtils - 	Direct memory to use, max: 713031680
2024-09-30 20:28:30,164 [   2200]   INFO - #c.i.u.i.PageCacheUtils - 	FilePageCache: regular + lock-free (LOCK_FREE_PAGE_CACHE_ENABLED:true)
2024-09-30 20:28:30,171 [   2207]   INFO - #c.i.u.i.PageCacheUtils - 	NEW_PAGE_CACHE_MEMORY_FRACTION: 0.20000000298023224
2024-09-30 20:28:30,172 [   2208]   INFO - #c.i.u.i.PageCacheUtils - 	Regular FilePageCache: 503316478 bytes
2024-09-30 20:28:30,174 [   2210]   INFO - #c.i.u.i.PageCacheUtils - 	New     FilePageCache: 125829122 bytes (+ up to 10.0% overflow)
2024-09-30 20:28:30,175 [   2211]   INFO - #c.i.u.i.PageCacheUtils - 	DirectByteBuffers pool: 0 bytes
2024-09-30 20:28:31,396 [   3432]   INFO - #o.j.j.i.IncProjectBuilder - Building project; isRebuild:true; isMake:false parallel compilation:false; dependency graph enabled:false
2024-09-30 20:28:31,406 [   3442]   INFO - #o.j.k.j.b.KotlinBuilder - is Kotlin incremental compilation enabled for JVM: true
2024-09-30 20:28:31,407 [   3443]   INFO - #o.j.k.j.b.KotlinBuilder - is Kotlin incremental compilation enabled for JS: true
2024-09-30 20:28:31,433 [   3469]   INFO - #o.j.k.j.b.KotlinBuilder - is Kotlin compiler daemon enabled: true
2024-09-30 20:28:31,494 [   3530]   INFO - #o.j.j.b.i.CompilerReferenceIndex - backward reference index version doesn't exist
2024-09-30 20:28:31,613 [   3649]   INFO - #c.i.u.i.i.MapIndexStorageCacheProvider - SLRU-cache will be used for indexes
2024-09-30 20:28:31,905 [   3941]   INFO - #o.j.j.i.IncProjectBuilder - Cleaned output directories in 0 ms
2024-09-30 20:28:32,018 [   4054]   INFO - #o.j.j.b.j.d.Mappings - Mappings total differentiate linear time 0 ms
2024-09-30 20:28:32,018 [   4054]   INFO - #o.j.j.b.j.d.Mappings - Mappings total integrate     linear time 0 ms
2024-09-30 20:28:32,359 [   4395]   INFO - #o.j.j.b.j.d.Mappings - Mappings total differentiate linear time 0 ms
2024-09-30 20:28:32,359 [   4395]   INFO - #o.j.j.b.j.d.Mappings - Mappings total integrate     linear time 0 ms
2024-09-30 20:28:32,362 [   4398]   INFO - #o.j.j.c.BuildSession - FilePageCache stats: pageHits=0, pageFastCacheHits=2280, regularPageLoads=35, pageLoadsAboveSizeThreshold=0, pageLoadUs=495664, pageDisposalUs=176, capacityInBytes=503316478, disposedBuffers=35 maxRegisteredFiles=58 maxCacheSizeInBytes=24150016totalSizeCachedBytes=0
2024-09-30 20:28:32,891 [     22]   INFO - #o.j.j.c.BuildMain - ==================================================
2024-09-30 20:28:32,939 [     70]   INFO - #o.j.j.c.BuildMain - Build process started. Classpath: /opt/idea/plugins/java/lib/jps-launcher.jar
2024-09-30 20:28:33,451 [    582]   INFO - #o.j.j.c.BuildMain - Connection to IDE established in 454 ms
2024-09-30 20:28:33,516 [    647]   INFO - #o.j.j.c.JpsModelLoaderImpl - Loading model: project path = /data/project, global options path = /root/.config/idea/options
2024-09-30 20:28:33,980 [   1111]   INFO - #o.j.j.m.s.JpsProjectLoader - External project config dir is used: /data/cache/idea/242/projects/project.15375f63/external_build_system/project
2024-09-30 20:28:34,003 [   1134]   INFO - #o.j.j.m.s.JpsProjectLoader - External project config dir is used for modules: /data/cache/idea/242/projects/project.15375f63/external_build_system/modules
2024-09-30 20:28:34,088 [   1219]   INFO - #o.j.j.c.JpsModelLoaderImpl - Model loaded in 570 ms
2024-09-30 20:28:34,093 [   1224]   INFO - #o.j.j.c.JpsModelLoaderImpl - Project has 1 modules, 0 libraries
2024-09-30 20:28:34,204 [   1335]   INFO - #c.i.u.i.PageCacheUtils - File page caching params:
2024-09-30 20:28:34,205 [   1336]   INFO - #c.i.u.i.PageCacheUtils - 	DEFAULT_PAGE_SIZE: 10485760
2024-09-30 20:28:34,205 [   1336]   INFO - #c.i.u.i.PageCacheUtils - 	Direct memory to use, max: 713031680
2024-09-30 20:28:34,205 [   1336]   INFO - #c.i.u.i.PageCacheUtils - 	FilePageCache: regular + lock-free (LOCK_FREE_PAGE_CACHE_ENABLED:true)
2024-09-30 20:28:34,207 [   1338]   INFO - #c.i.u.i.PageCacheUtils - 	NEW_PAGE_CACHE_MEMORY_FRACTION: 0.20000000298023224
2024-09-30 20:28:34,209 [   1340]   INFO - #c.i.u.i.PageCacheUtils - 	Regular FilePageCache: 503316478 bytes
2024-09-30 20:28:34,210 [   1341]   INFO - #c.i.u.i.PageCacheUtils - 	New     FilePageCache: 125829122 bytes (+ up to 10.0% overflow)
2024-09-30 20:28:34,210 [   1341]   INFO - #c.i.u.i.PageCacheUtils - 	DirectByteBuffers pool: 0 bytes
2024-09-30 20:28:34,466 [   1597]   INFO - #o.j.j.c.BuildMain - Pre-loaded process ready in 1577 ms
2024-09-30 20:29:49,065 [  76196]   INFO - #o.j.j.i.IncProjectBuilder - Building project; isRebuild:false; isMake:true parallel compilation:false; dependency graph enabled:false
2024-09-30 20:29:49,068 [  76199]   INFO - #o.j.k.j.b.KotlinBuilder - is Kotlin incremental compilation enabled for JVM: true
2024-09-30 20:29:49,069 [  76200]   INFO - #o.j.k.j.b.KotlinBuilder - is Kotlin incremental compilation enabled for JS: true
2024-09-30 20:29:49,075 [  76206]   INFO - #o.j.k.j.b.KotlinBuilder - is Kotlin compiler daemon enabled: true
2024-09-30 20:29:49,116 [  76247]   INFO - #c.i.u.i.i.MapIndexStorageCacheProvider - SLRU-cache will be used for indexes
2024-09-30 20:29:49,360 [  76491]   INFO - #o.j.j.i.IncProjectBuilder - Cleaned output directories in 0 ms
2024-09-30 20:29:49,598 [  76729]   INFO - #o.j.j.b.j.d.Mappings - Mappings total differentiate linear time 0 ms
2024-09-30 20:29:49,599 [  76730]   INFO - #o.j.j.b.j.d.Mappings - Mappings total integrate     linear time 0 ms
2024-09-30 20:29:49,601 [  76732]   INFO - #o.j.j.c.BuildSession - FilePageCache stats: pageHits=0, pageFastCacheHits=481, regularPageLoads=25, pageLoadsAboveSizeThreshold=0, pageLoadUs=64224, pageDisposalUs=80, capacityInBytes=503316478, disposedBuffers=25 maxRegisteredFiles=58 maxCacheSizeInBytes=25198592totalSizeCachedBytes=0
2024-09-30 20:29:50,055 [     17]   INFO - #o.j.j.c.BuildMain - ==================================================
2024-09-30 20:29:50,102 [     64]   INFO - #o.j.j.c.BuildMain - Build process started. Classpath: /opt/idea/plugins/java/lib/jps-launcher.jar
2024-09-30 20:29:50,597 [    559]   INFO - #o.j.j.c.BuildMain - Connection to IDE established in 450 ms
2024-09-30 20:29:50,655 [    617]   INFO - #o.j.j.c.JpsModelLoaderImpl - Loading model: project path = /data/project, global options path = /root/.config/idea/options
2024-09-30 20:29:51,050 [   1012]   INFO - #o.j.j.m.s.JpsProjectLoader - External project config dir is used: /data/cache/idea/242/projects/project.15375f63/external_build_system/project
2024-09-30 20:29:51,081 [   1043]   INFO - #o.j.j.m.s.JpsProjectLoader - External project config dir is used for modules: /data/cache/idea/242/projects/project.15375f63/external_build_system/modules
2024-09-30 20:29:51,187 [   1149]   INFO - #o.j.j.c.JpsModelLoaderImpl - Model loaded in 531 ms
2024-09-30 20:29:51,196 [   1158]   INFO - #o.j.j.c.JpsModelLoaderImpl - Project has 1 modules, 0 libraries
2024-09-30 20:29:51,351 [   1313]   INFO - #c.i.u.i.PageCacheUtils - File page caching params:
2024-09-30 20:29:51,352 [   1314]   INFO - #c.i.u.i.PageCacheUtils - 	DEFAULT_PAGE_SIZE: 10485760
2024-09-30 20:29:51,352 [   1314]   INFO - #c.i.u.i.PageCacheUtils - 	Direct memory to use, max: 713031680
2024-09-30 20:29:51,352 [   1314]   INFO - #c.i.u.i.PageCacheUtils - 	FilePageCache: regular + lock-free (LOCK_FREE_PAGE_CACHE_ENABLED:true)
2024-09-30 20:29:51,353 [   1315]   INFO - #c.i.u.i.PageCacheUtils - 	NEW_PAGE_CACHE_MEMORY_FRACTION: 0.20000000298023224
2024-09-30 20:29:51,354 [   1316]   INFO - #c.i.u.i.PageCacheUtils - 	Regular FilePageCache: 503316478 bytes
2024-09-30 20:29:51,354 [   1316]   INFO - #c.i.u.i.PageCacheUtils - 	New     FilePageCache: 125829122 bytes (+ up to 10.0% overflow)
2024-09-30 20:29:51,355 [   1317]   INFO - #c.i.u.i.PageCacheUtils - 	DirectByteBuffers pool: 0 bytes
2024-09-30 20:29:51,762 [   1724]   INFO - #o.j.j.c.BuildMain - Pre-loaded process ready in 1708 ms
